info it worked if it ends with ok
verbose cli [ 'node', '/usr/bin/npm', 'install' ]
info using npm@1.1.4
info using node@v0.6.12
verbose config file /home/mafi/.npmrc
verbose config file /usr/etc/npmrc
verbose config file /usr/share/npm/npmrc
verbose caching /home/mafi/me/package.json
verbose loadDefaults so-simple-theme@1.2.3
verbose readDependencies: using package.json deps
verbose where, deps [ '/home/mafi/me',
verbose where, deps   [ 'grunt',
verbose where, deps     'grunt-contrib-clean',
verbose where, deps     'grunt-contrib-jshint',
verbose where, deps     'grunt-contrib-uglify',
verbose where, deps     'grunt-contrib-watch',
verbose where, deps     'grunt-contrib-imagemin',
verbose where, deps     'grunt-svgmin' ] ]
verbose from cache /home/mafi/me/package.json
info preinstall so-simple-theme@1.2.3
verbose from cache /home/mafi/me/package.json
verbose readDependencies: using package.json deps
verbose cache add [ 'grunt@~0.4.1', null ]
silly cache add: name, spec, args [ undefined, 'grunt@~0.4.1', [ 'grunt@~0.4.1', null ] ]
verbose parsed url { pathname: 'grunt@~0.4.1',
verbose parsed url   path: 'grunt@~0.4.1',
verbose parsed url   href: 'grunt@~0.4.1' }
silly cache add: name, spec, args [ 'grunt', '~0.4.1', [ 'grunt', '~0.4.1' ] ]
verbose parsed url { pathname: '~0.4.1', path: '~0.4.1', href: '~0.4.1' }
verbose addNamed [ 'grunt', '~0.4.1' ]
verbose addNamed [ null, '>=0.4.1- <0.5.0-' ]
silly name, range, hasData [ 'grunt', '>=0.4.1- <0.5.0-', false ]
verbose raw, before any munging grunt
verbose url resolving [ 'https://registry.npmjs.org/', './grunt' ]
verbose url resolved https://registry.npmjs.org/grunt
http GET https://registry.npmjs.org/grunt
verbose cache add [ 'grunt-contrib-clean@~0.5.0', null ]
silly cache add: name, spec, args [ undefined,
silly cache add: name, spec, args   'grunt-contrib-clean@~0.5.0',
silly cache add: name, spec, args   [ 'grunt-contrib-clean@~0.5.0', null ] ]
verbose parsed url { pathname: 'grunt-contrib-clean@~0.5.0',
verbose parsed url   path: 'grunt-contrib-clean@~0.5.0',
verbose parsed url   href: 'grunt-contrib-clean@~0.5.0' }
silly cache add: name, spec, args [ 'grunt-contrib-clean',
silly cache add: name, spec, args   '~0.5.0',
silly cache add: name, spec, args   [ 'grunt-contrib-clean', '~0.5.0' ] ]
verbose parsed url { pathname: '~0.5.0', path: '~0.5.0', href: '~0.5.0' }
verbose addNamed [ 'grunt-contrib-clean', '~0.5.0' ]
verbose addNamed [ null, '>=0.5.0- <0.6.0-' ]
silly name, range, hasData [ 'grunt-contrib-clean', '>=0.5.0- <0.6.0-', false ]
verbose cache add [ 'grunt-contrib-jshint@~0.6.3', null ]
silly cache add: name, spec, args [ undefined,
silly cache add: name, spec, args   'grunt-contrib-jshint@~0.6.3',
silly cache add: name, spec, args   [ 'grunt-contrib-jshint@~0.6.3', null ] ]
verbose parsed url { pathname: 'grunt-contrib-jshint@~0.6.3',
verbose parsed url   path: 'grunt-contrib-jshint@~0.6.3',
verbose parsed url   href: 'grunt-contrib-jshint@~0.6.3' }
silly cache add: name, spec, args [ 'grunt-contrib-jshint',
silly cache add: name, spec, args   '~0.6.3',
silly cache add: name, spec, args   [ 'grunt-contrib-jshint', '~0.6.3' ] ]
verbose parsed url { pathname: '~0.6.3', path: '~0.6.3', href: '~0.6.3' }
verbose addNamed [ 'grunt-contrib-jshint', '~0.6.3' ]
verbose addNamed [ null, '>=0.6.3- <0.7.0-' ]
silly name, range, hasData [ 'grunt-contrib-jshint', '>=0.6.3- <0.7.0-', false ]
verbose cache add [ 'grunt-contrib-uglify@~0.2.2', null ]
silly cache add: name, spec, args [ undefined,
silly cache add: name, spec, args   'grunt-contrib-uglify@~0.2.2',
silly cache add: name, spec, args   [ 'grunt-contrib-uglify@~0.2.2', null ] ]
verbose parsed url { pathname: 'grunt-contrib-uglify@~0.2.2',
verbose parsed url   path: 'grunt-contrib-uglify@~0.2.2',
verbose parsed url   href: 'grunt-contrib-uglify@~0.2.2' }
silly cache add: name, spec, args [ 'grunt-contrib-uglify',
silly cache add: name, spec, args   '~0.2.2',
silly cache add: name, spec, args   [ 'grunt-contrib-uglify', '~0.2.2' ] ]
verbose parsed url { pathname: '~0.2.2', path: '~0.2.2', href: '~0.2.2' }
verbose addNamed [ 'grunt-contrib-uglify', '~0.2.2' ]
verbose addNamed [ null, '>=0.2.2- <0.3.0-' ]
silly name, range, hasData [ 'grunt-contrib-uglify', '>=0.2.2- <0.3.0-', false ]
verbose cache add [ 'grunt-contrib-watch@~0.5.2', null ]
silly cache add: name, spec, args [ undefined,
silly cache add: name, spec, args   'grunt-contrib-watch@~0.5.2',
silly cache add: name, spec, args   [ 'grunt-contrib-watch@~0.5.2', null ] ]
verbose parsed url { pathname: 'grunt-contrib-watch@~0.5.2',
verbose parsed url   path: 'grunt-contrib-watch@~0.5.2',
verbose parsed url   href: 'grunt-contrib-watch@~0.5.2' }
silly cache add: name, spec, args [ 'grunt-contrib-watch',
silly cache add: name, spec, args   '~0.5.2',
silly cache add: name, spec, args   [ 'grunt-contrib-watch', '~0.5.2' ] ]
verbose parsed url { pathname: '~0.5.2', path: '~0.5.2', href: '~0.5.2' }
verbose addNamed [ 'grunt-contrib-watch', '~0.5.2' ]
verbose addNamed [ null, '>=0.5.2- <0.6.0-' ]
silly name, range, hasData [ 'grunt-contrib-watch', '>=0.5.2- <0.6.0-', false ]
verbose cache add [ 'grunt-contrib-imagemin@~0.2.0', null ]
silly cache add: name, spec, args [ undefined,
silly cache add: name, spec, args   'grunt-contrib-imagemin@~0.2.0',
silly cache add: name, spec, args   [ 'grunt-contrib-imagemin@~0.2.0', null ] ]
verbose parsed url { pathname: 'grunt-contrib-imagemin@~0.2.0',
verbose parsed url   path: 'grunt-contrib-imagemin@~0.2.0',
verbose parsed url   href: 'grunt-contrib-imagemin@~0.2.0' }
silly cache add: name, spec, args [ 'grunt-contrib-imagemin',
silly cache add: name, spec, args   '~0.2.0',
silly cache add: name, spec, args   [ 'grunt-contrib-imagemin', '~0.2.0' ] ]
verbose parsed url { pathname: '~0.2.0', path: '~0.2.0', href: '~0.2.0' }
verbose addNamed [ 'grunt-contrib-imagemin', '~0.2.0' ]
verbose addNamed [ null, '>=0.2.0- <0.3.0-' ]
silly name, range, hasData [ 'grunt-contrib-imagemin', '>=0.2.0- <0.3.0-', false ]
verbose cache add [ 'grunt-svgmin@~0.2.0', null ]
silly cache add: name, spec, args [ undefined,
silly cache add: name, spec, args   'grunt-svgmin@~0.2.0',
silly cache add: name, spec, args   [ 'grunt-svgmin@~0.2.0', null ] ]
verbose parsed url { pathname: 'grunt-svgmin@~0.2.0',
verbose parsed url   path: 'grunt-svgmin@~0.2.0',
verbose parsed url   href: 'grunt-svgmin@~0.2.0' }
silly cache add: name, spec, args [ 'grunt-svgmin', '~0.2.0', [ 'grunt-svgmin', '~0.2.0' ] ]
verbose parsed url { pathname: '~0.2.0', path: '~0.2.0', href: '~0.2.0' }
verbose addNamed [ 'grunt-svgmin', '~0.2.0' ]
verbose addNamed [ null, '>=0.2.0- <0.3.0-' ]
silly name, range, hasData [ 'grunt-svgmin', '>=0.2.0- <0.3.0-', false ]
verbose raw, before any munging grunt-contrib-clean
verbose url resolving [ 'https://registry.npmjs.org/', './grunt-contrib-clean' ]
verbose url resolved https://registry.npmjs.org/grunt-contrib-clean
http GET https://registry.npmjs.org/grunt-contrib-clean
verbose raw, before any munging grunt-contrib-jshint
verbose url resolving [ 'https://registry.npmjs.org/', './grunt-contrib-jshint' ]
verbose url resolved https://registry.npmjs.org/grunt-contrib-jshint
http GET https://registry.npmjs.org/grunt-contrib-jshint
verbose raw, before any munging grunt-contrib-uglify
verbose url resolving [ 'https://registry.npmjs.org/', './grunt-contrib-uglify' ]
verbose url resolved https://registry.npmjs.org/grunt-contrib-uglify
http GET https://registry.npmjs.org/grunt-contrib-uglify
verbose raw, before any munging grunt-contrib-watch
verbose url resolving [ 'https://registry.npmjs.org/', './grunt-contrib-watch' ]
verbose url resolved https://registry.npmjs.org/grunt-contrib-watch
http GET https://registry.npmjs.org/grunt-contrib-watch
verbose raw, before any munging grunt-contrib-imagemin
verbose url resolving [ 'https://registry.npmjs.org/', './grunt-contrib-imagemin' ]
verbose url resolved https://registry.npmjs.org/grunt-contrib-imagemin
http GET https://registry.npmjs.org/grunt-contrib-imagemin
verbose raw, before any munging grunt-svgmin
verbose url resolving [ 'https://registry.npmjs.org/', './grunt-svgmin' ]
verbose url resolved https://registry.npmjs.org/grunt-svgmin
http GET https://registry.npmjs.org/grunt-svgmin
ERR! Error: failed to fetch from registry: grunt
ERR!     at /usr/share/npm/lib/utils/npm-registry-client/get.js:139:12
ERR!     at cb (/usr/share/npm/lib/utils/npm-registry-client/request.js:31:9)
ERR!     at Request._callback (/usr/share/npm/lib/utils/npm-registry-client/request.js:136:18)
ERR!     at Request.callback (/usr/lib/nodejs/request/main.js:119:22)
ERR!     at Request.<anonymous> (/usr/lib/nodejs/request/main.js:212:58)
ERR!     at Request.emit (events.js:88:20)
ERR!     at ClientRequest.<anonymous> (/usr/lib/nodejs/request/main.js:412:12)
ERR!     at ClientRequest.emit (events.js:67:17)
ERR!     at HTTPParser.onIncoming (http.js:1261:11)
ERR!     at HTTPParser.onHeadersComplete (http.js:102:31)
ERR! You may report this log at:
ERR!     <http://bugs.debian.org/npm>
ERR! or use
ERR!     reportbug --attach /home/mafi/me/npm-debug.log npm
ERR! 
ERR! System Linux 3.2.0-23-generic
ERR! command "node" "/usr/bin/npm" "install"
ERR! cwd /home/mafi/me
ERR! node -v v0.6.12
ERR! npm -v 1.1.4
ERR! message failed to fetch from registry: grunt
verbose exit [ 1, true ]
